
2022-06-14 06:13:29 :: 	The folowing email/domain is blocked by the plugin's rules : bjarkegl@forum.dk

2022-06-14 08:40:46 :: 	The folowing email/domain is blocked by the plugin's rules : lissyjuliane@forum.dk

2022-06-14 11:08:28 :: 	The folowing email/domain is blocked by the plugin's rules : magnus03@forum.dk

2022-06-15 12:47:23 :: 	The folowing email/domain is blocked by the plugin's rules : kimogvivian@forum.dk

2022-06-15 03:22:12 :: 	The folowing email/domain is blocked by the plugin's rules : goods@forum.dk

2022-06-15 05:48:20 :: 	The folowing email/domain is blocked by the plugin's rules : muggi@forum.dk

2022-06-15 08:15:05 :: 	The folowing email/domain is blocked by the plugin's rules : jensfup@forum.dk

2022-06-15 01:11:47 :: 	The folowing email/domain is blocked by the plugin's rules : scarlet@forum.dk

2022-06-15 03:44:20 :: 	The folowing email/domain is blocked by the plugin's rules : kennetholsen@forum.dk

2022-06-15 06:11:47 :: 	The folowing email/domain is blocked by the plugin's rules : ulla.n.j@forum.dk

2022-06-15 08:42:35 :: 	The folowing email/domain is blocked by the plugin's rules : fido@forum.dk

2022-06-15 11:12:39 :: 	The folowing email/domain is blocked by the plugin's rules : lajensen@forum.dk

2022-06-16 01:38:31 :: 	The folowing email/domain is blocked by the plugin's rules : yalcin@forum.dk

2022-06-16 04:08:31 :: 	The folowing email/domain is blocked by the plugin's rules : fsidfhapijga@forum.dk

2022-06-16 07:32:39 :: 	The folowing email/domain is blocked by the plugin's rules : parsyv@forum.dk

2022-06-17 12:38:00 :: 	The folowing email/domain is blocked by the plugin's rules : kristoffero@forum.dk

2022-06-17 03:07:46 :: 	The folowing email/domain is blocked by the plugin's rules : anettek_63@forum.dk

2022-06-17 05:05:14 :: 	The folowing email/domain is blocked by the plugin's rules : sarahsj@forum.dk

2022-06-17 11:22:48 :: 	The folowing email/domain is blocked by the plugin's rules : maskinmester@forum.dk

2022-06-17 01:48:44 :: 	The folowing email/domain is blocked by the plugin's rules : josses_ninzze@forum.dk

2022-06-17 06:47:39 :: 	The folowing email/domain is blocked by the plugin's rules : frejamus1@forum.dk

2022-06-17 09:11:22 :: 	The folowing email/domain is blocked by the plugin's rules : futte.b@forum.dk

2022-06-18 05:31:42 :: 	The folowing email/domain is blocked by the plugin's rules : fysisk@forum.dk

2022-06-18 01:48:41 :: 	The folowing email/domain is blocked by the plugin's rules : trianes@forum.dk

2022-06-18 04:20:45 :: 	The folowing email/domain is blocked by the plugin's rules : sivasli2010@forum.dk

2022-06-18 06:41:41 :: 	The folowing email/domain is blocked by the plugin's rules : jenniandersen@forum.dk

2022-06-18 09:05:07 :: 	The folowing email/domain is blocked by the plugin's rules : facebookkiss@forum.dk

2022-06-18 11:33:39 :: 	The folowing email/domain is blocked by the plugin's rules : bettina.kat@forum.dk

2022-06-19 01:55:48 :: 	The folowing email/domain is blocked by the plugin's rules : dancaliciouss@forum.dk

2022-06-19 09:20:04 :: 	The folowing email/domain is blocked by the plugin's rules : togoto@forum.dk

2022-06-19 02:16:10 :: 	The folowing email/domain is blocked by the plugin's rules : uglebjerg@forum.dk

2022-06-19 04:39:30 :: 	The folowing email/domain is blocked by the plugin's rules : jimbo1@forum.dk

2022-06-19 07:05:36 :: 	The folowing email/domain is blocked by the plugin's rules : diablovirgin3@forum.dk

2022-06-19 09:28:34 :: 	The folowing email/domain is blocked by the plugin's rules : zarir@forum.dk

2022-06-20 12:18:37 :: 	The folowing email/domain is blocked by the plugin's rules : joahm@forum.dk

2022-06-20 02:43:18 :: 	The folowing email/domain is blocked by the plugin's rules : b.petersen@forum.dk

2022-06-20 05:19:38 :: 	The folowing email/domain is blocked by the plugin's rules : benno@forum.dk

2022-06-20 07:47:30 :: 	The folowing email/domain is blocked by the plugin's rules : fischer85@forum.dk

2022-06-21 05:50:19 :: 	The folowing email/domain is blocked by the plugin's rules : vmandk8@forum.dk

2022-06-21 10:45:02 :: 	The folowing email/domain is blocked by the plugin's rules : saxe@forum.dk

2022-06-21 10:55:46 :: 	The folowing email/domain is blocked by the plugin's rules : niels06@forum.dk

2022-06-21 03:50:42 :: 	The folowing email/domain is blocked by the plugin's rules : ainep@forum.dk

2022-06-23 02:58:10 :: 	The folowing email/domain is blocked by the plugin's rules : 

2022-06-23 03:00:32 :: 	The folowing email/domain is blocked by the plugin's rules : 

2022-06-24 10:02:57 :: 	The folowing email/domain is blocked by the plugin's rules : 

2023-08-29 02:31:02 :: 	The folowing email/domain is blocked by the plugin's rules : 

2023-09-17 05:09:31 :: 	The folowing email/domain is blocked by the plugin's rules : 

2023-09-17 05:09:37 :: 	The folowing email/domain is blocked by the plugin's rules : 

2023-09-17 05:09:48 :: 	The folowing email/domain is blocked by the plugin's rules : 

2023-09-17 05:10:05 :: 	The folowing email/domain is blocked by the plugin's rules : 

2023-09-17 05:10:16 :: 	The folowing email/domain is blocked by the plugin's rules : 

2023-09-17 05:11:07 :: 	The folowing email/domain is blocked by the plugin's rules : 

2024-09-11 02:52:05 :: 	The folowing email/domain is blocked by the plugin's rules : 
